<?xml version="1.0" encoding="UTF-8"?>
<!-- Generated by org.testng.reporters.JUnitReportReporter -->
<testsuite hostname="MAC-201192.local" failures="0" tests="5" name="com.tests.TestExample" time="4.613" errors="0" timestamp="2024-07-30T23:41:33 WIB" skipped="0">
  <testcase classname="com.tests.TestExample" name="invalidRequestMethodPut" time="0.999"/>
  <testcase classname="com.tests.TestExample" name="successGetPost" time="0.263"/>
  <testcase classname="com.tests.TestExample" name="invalidRequestMethodDelete" time="1.334"/>
  <testcase classname="com.tests.TestExample" name="invalidRequestMethodPatch" time="1.018"/>
  <testcase classname="com.tests.TestExample" name="successCreatePost" time="0.999"/>
</testsuite> <!-- com.tests.TestExample -->
