<?xml version="1.0" encoding="UTF-8"?>
<!-- Generated by org.testng.reporters.JUnitReportReporter -->
<testsuite hostname="MAC-201192.local" failures="0" tests="1" name="com.tests.TestExample" time="1.818" errors="0" timestamp="2024-07-30T23:34:37 WIB" skipped="0">
  <testcase classname="com.tests.TestExample" name="invalidRequestMethodDelete" time="1.818"/>
</testsuite> <!-- com.tests.TestExample -->
