<?xml version="1.0" encoding="UTF-8"?>
<!-- Generated by org.testng.reporters.JUnitReportReporter -->
<testsuite hostname="MAC-201192.local" failures="0" tests="1" name="com.tests.TestExample" time="1.458" errors="0" timestamp="2024-07-26T18:41:49 WIB" skipped="0">
  <testcase classname="com.tests.TestExample" name="successGetPost" time="1.458"/>
</testsuite> <!-- com.tests.TestExample -->
