<?xml version="1.0" encoding="UTF-8"?>
<!-- Generated by org.testng.reporters.JUnitReportReporter -->
<testsuite hostname="MAC-201192.local" failures="0" tests="2" name="com.tests.TestExample" time="3.705" errors="0" timestamp="2024-07-29T19:58:56 WIB" skipped="0">
  <testcase classname="com.tests.TestExample" name="successCreatePost" time="2.459"/>
  <testcase classname="com.tests.TestExample" name="successGetPost" time="1.246"/>
</testsuite> <!-- com.tests.TestExample -->
