<?xml version="1.0" encoding="UTF-8"?>
<!-- Generated by org.testng.reporters.JUnitReportReporter -->
<testsuite hostname="MAC-201192.local" failures="0" tests="1" name="com.tests.TestExample" time="1.075" errors="0" timestamp="2024-07-31T00:05:22 WIB" skipped="0">
  <testcase classname="com.tests.TestExample" name="getUserNotFound" time="1.075"/>
</testsuite> <!-- com.tests.TestExample -->
